01:20:42,580 |-INFO in ch.qos.logback.classic.LoggerContext[default] - Could NOT find resource [logback-test.xml]
01:20:42,581 |-INFO in ch.qos.logback.classic.LoggerContext[default] - Found resource [logback.xml] at [jar:file:/Users/josediaz/Projects/Cantara/Whydah-SSOLoginWebApp/target/SSOLoginWebApp-2.20.12-SNAPSHOT.jar!/logback.xml]
01:20:42,590 |-INFO in ch.qos.logback.core.joran.spi.ConfigurationWatchList@619713e5 - URL [jar:file:/Users/josediaz/Projects/Cantara/Whydah-SSOLoginWebApp/target/SSOLoginWebApp-2.20.12-SNAPSHOT.jar!/logback.xml] is not of type file
01:20:42,671 |-INFO in ch.qos.logback.classic.joran.action.ConfigurationAction - debug attribute not set
01:20:42,680 |-INFO in ch.qos.logback.classic.joran.action.ConfigurationAction - Will scan for changes in [jar:file:/Users/josediaz/Projects/Cantara/Whydah-SSOLoginWebApp/target/SSOLoginWebApp-2.20.12-SNAPSHOT.jar!/logback.xml] 
01:20:42,680 |-INFO in ch.qos.logback.classic.joran.action.ConfigurationAction - Setting ReconfigureOnChangeTask scanning period to 1 minutes
01:20:42,682 |-INFO in ch.qos.logback.core.joran.action.AppenderAction - About to instantiate appender of type [ch.qos.logback.core.ConsoleAppender]
01:20:42,684 |-INFO in ch.qos.logback.core.joran.action.AppenderAction - Naming appender as [STDOUT]
01:20:42,737 |-WARN in ch.qos.logback.core.ConsoleAppender[STDOUT] - This appender no longer admits a layout as a sub-component, set an encoder instead.
01:20:42,737 |-WARN in ch.qos.logback.core.ConsoleAppender[STDOUT] - To ensure compatibility, wrapping your layout in LayoutWrappingEncoder.
01:20:42,737 |-WARN in ch.qos.logback.core.ConsoleAppender[STDOUT] - See also http://logback.qos.ch/codes.html#layoutInsteadOfEncoder for details
01:20:42,737 |-INFO in ch.qos.logback.core.joran.action.AppenderAction - About to instantiate appender of type [ch.qos.logback.core.rolling.RollingFileAppender]
01:20:42,738 |-INFO in ch.qos.logback.core.joran.action.AppenderAction - Naming appender as [FILE]
01:20:42,742 |-INFO in c.q.l.core.rolling.SizeAndTimeBasedRollingPolicy@1888442711 - setting totalSizeCap to 1 GB
01:20:42,744 |-INFO in c.q.l.core.rolling.SizeAndTimeBasedRollingPolicy@1888442711 - Archive files will be limited to [50 MB] each.
01:20:42,745 |-INFO in c.q.l.core.rolling.SizeAndTimeBasedRollingPolicy@1888442711 - No compression will be used
01:20:42,746 |-INFO in c.q.l.core.rolling.SizeAndTimeBasedRollingPolicy@1888442711 - Will use the pattern logs/SSOLWA-%d{yyyy-MM-dd}.%i.log for the active file
01:20:42,747 |-INFO in ch.qos.logback.core.rolling.SizeAndTimeBasedFNATP@68999068 - The date pattern is 'yyyy-MM-dd' from file name pattern 'logs/SSOLWA-%d{yyyy-MM-dd}.%i.log'.
01:20:42,747 |-INFO in ch.qos.logback.core.rolling.SizeAndTimeBasedFNATP@68999068 - Roll-over at midnight.
01:20:42,758 |-INFO in ch.qos.logback.core.rolling.SizeAndTimeBasedFNATP@68999068 - Setting initial period to Wed Nov 01 01:20:42 PET 2023
01:20:42,760 |-INFO in ch.qos.logback.core.joran.action.NestedComplexPropertyIA - Assuming default type [ch.qos.logback.classic.encoder.PatternLayoutEncoder] for [encoder] property
01:20:42,762 |-INFO in ch.qos.logback.core.rolling.RollingFileAppender[FILE] - Active log file name: logs/SSOLWA.log
01:20:42,762 |-INFO in ch.qos.logback.core.rolling.RollingFileAppender[FILE] - File property is set to [logs/SSOLWA.log]
01:20:42,763 |-INFO in ch.qos.logback.classic.joran.action.LoggerAction - Setting level of logger [ch.qos.logback] to WARN
01:20:42,763 |-INFO in ch.qos.logback.classic.joran.action.LoggerAction - Setting level of logger [org.eclipse.jetty] to WARN
01:20:42,763 |-INFO in ch.qos.logback.classic.joran.action.LoggerAction - Setting level of logger [org.apache.mina.filter.codec] to WARN
01:20:42,763 |-INFO in ch.qos.logback.classic.joran.action.LoggerAction - Setting level of logger [org.springframework] to WARN
01:20:42,763 |-INFO in ch.qos.logback.classic.joran.action.LoggerAction - Setting level of logger [hsqldb.db] to WARN
01:20:42,763 |-INFO in ch.qos.logback.classic.joran.action.LoggerAction - Setting level of logger [org.apache.directory] to WARN
01:20:42,763 |-INFO in ch.qos.logback.classic.joran.action.LoggerAction - Setting level of logger [org.apache.mina] to WARN
01:20:42,763 |-INFO in ch.qos.logback.classic.joran.action.LoggerAction - Setting level of logger [net.whydah.identity.user.resource.FreemarkerViewProcessor] to INFO
01:20:42,763 |-INFO in ch.qos.logback.classic.joran.action.LoggerAction - Setting level of logger [net.whydah.identity.util.FileUtils] to WARN
01:20:42,763 |-INFO in ch.qos.logback.classic.joran.action.LoggerAction - Setting level of logger [com.jayway.jsonpath.internal.PathCompiler] to WARN
01:20:42,763 |-INFO in ch.qos.logback.classic.joran.action.LoggerAction - Setting level of logger [com.jayway.jsonpath] to INFO
01:20:42,763 |-INFO in ch.qos.logback.classic.joran.action.LoggerAction - Setting level of logger [org.springframework.web.servlet] to INFO
01:20:42,763 |-INFO in ch.qos.logback.classic.joran.action.LoggerAction - Setting level of logger [org.springframework] to INFO
01:20:42,763 |-INFO in ch.qos.logback.classic.joran.action.RootLoggerAction - Setting level of ROOT logger to DEBUG
01:20:42,763 |-INFO in ch.qos.logback.core.joran.action.AppenderRefAction - Attaching appender named [FILE] to Logger[ROOT]
01:20:42,764 |-INFO in ch.qos.logback.classic.joran.action.ConfigurationAction - End of configuration.
01:20:42,764 |-INFO in ch.qos.logback.classic.joran.JoranConfigurator@7722c3c3 - Registering current configuration as safe fallback point

Nov 01, 2023 1:20:46 AM com.hazelcast.instance.impl.HazelcastInstanceFactory
WARNING: Hazelcast is starting in a Java modular environment (Java 9 and newer) but without proper access to required Java packages. Use additional Java arguments to provide Hazelcast access to Java internal API. The internal API access is used to get the best performance results. Arguments to be used:
 --add-modules java.se --add-exports java.base/jdk.internal.ref=ALL-UNNAMED --add-opens java.base/java.lang=ALL-UNNAMED --add-opens java.base/sun.nio.ch=ALL-UNNAMED --add-opens java.management/sun.management=ALL-UNNAMED --add-opens jdk.management/com.sun.management.internal=ALL-UNNAMED
WARNING: An illegal reflective access operation has occurred
WARNING: Illegal reflective access by com.hazelcast.internal.tpcengine.nio.SelectorOptimizer (file:/Users/josediaz/Projects/Cantara/Whydah-SSOLoginWebApp/target/SSOLoginWebApp-2.20.12-SNAPSHOT.jar) to field sun.nio.ch.SelectorImpl.selectedKeys
WARNING: Please consider reporting this to the maintainers of com.hazelcast.internal.tpcengine.nio.SelectorOptimizer
WARNING: Use --illegal-access=warn to enable warnings of further illegal reflective access operations
WARNING: All illegal access operations will be denied in a future release
Nov 01, 2023 1:20:48 AM com.hazelcast.system.logo
INFO: [192.168.1.5]:5702 [dev] [5.3.2] 
	+       +  o    o     o     o---o o----o o      o---o     o     o----o o--o--o
	+ +   + +  |    |    / \       /  |      |     /         / \    |         |   
	+ + + + +  o----o   o   o     o   o----o |    o         o   o   o----o    |   
	+ +   + +  |    |  /     \   /    |      |     \       /     \       |    |   
	+       +  o    o o       o o---o o----o o----o o---o o       o o----o    o   
Nov 01, 2023 1:20:48 AM com.hazelcast.system
INFO: [192.168.1.5]:5702 [dev] [5.3.2] Copyright (c) 2008-2023, Hazelcast, Inc. All Rights Reserved.
Nov 01, 2023 1:20:48 AM com.hazelcast.system
INFO: [192.168.1.5]:5702 [dev] [5.3.2] Hazelcast Platform 5.3.2 (20230821 - b6cb479) starting at [192.168.1.5]:5702
Nov 01, 2023 1:20:48 AM com.hazelcast.system
INFO: [192.168.1.5]:5702 [dev] [5.3.2] Cluster name: dev
Nov 01, 2023 1:20:48 AM com.hazelcast.system
INFO: [192.168.1.5]:5702 [dev] [5.3.2] Integrity Checker is disabled. Fail-fast on corrupted executables will not be performed. For more information, see the documentation for Integrity Checker.
Nov 01, 2023 1:20:48 AM com.hazelcast.system
INFO: [192.168.1.5]:5702 [dev] [5.3.2] The Jet engine is disabled.
To enable the Jet engine on the members, do one of the following:
  - Change member config using Java API: config.getJetConfig().setEnabled(true)
  - Change XML/YAML configuration property: Set hazelcast.jet.enabled to true
  - Add system property: -Dhz.jet.enabled=true (for Hazelcast embedded, works only when loading config via Config.load)
  - Add environment variable: HZ_JET_ENABLED=true (recommended when running container image. For Hazelcast embedded, works only when loading config via Config.load)
Nov 01, 2023 1:20:48 AM com.hazelcast.internal.tpc.TpcServerBootstrap
INFO: [192.168.1.5]:5702 [dev] [5.3.2] TPC: disabled
Nov 01, 2023 1:20:48 AM com.hazelcast.system.security
INFO: [192.168.1.5]:5702 [dev] [5.3.2] Enable DEBUG/FINE log level for log category com.hazelcast.system.security  or use -Dhazelcast.security.recommendations system property to see 🔒 security recommendations and the status of current config.
Nov 01, 2023 1:20:48 AM com.hazelcast.instance.impl.Node
INFO: [192.168.1.5]:5702 [dev] [5.3.2] Using Multicast discovery
Nov 01, 2023 1:20:48 AM com.hazelcast.cp.CPSubsystem
WARNING: [192.168.1.5]:5702 [dev] [5.3.2] CP Subsystem is not enabled. CP data structures will operate in UNSAFE mode! Please note that UNSAFE mode will not provide strong consistency guarantees.
Nov 01, 2023 1:20:48 AM com.hazelcast.internal.diagnostics.Diagnostics
INFO: [192.168.1.5]:5702 [dev] [5.3.2] Diagnostics disabled. To enable add -Dhazelcast.diagnostics.enabled=true to the JVM arguments.
Nov 01, 2023 1:20:48 AM com.hazelcast.core.LifecycleService
INFO: [192.168.1.5]:5702 [dev] [5.3.2] [192.168.1.5]:5702 is STARTING
Nov 01, 2023 1:20:48 AM com.hazelcast.internal.cluster.impl.MulticastJoiner
INFO: [192.168.1.5]:5702 [dev] [5.3.2] Trying to join to discovered node: [192.168.1.5]:5701
Nov 01, 2023 1:20:48 AM com.hazelcast.internal.server.tcp.TcpServerConnection
INFO: [192.168.1.5]:5702 [dev] [5.3.2] Initialized new cluster connection between /192.168.1.5:49251 and /192.168.1.5:5701
Nov 01, 2023 1:20:48 AM com.hazelcast.security
SEVERE: [192.168.1.5]:5702 [dev] [5.3.2] Node could not join cluster. Before join check failed node is going to shutdown now!
Nov 01, 2023 1:20:48 AM com.hazelcast.security
SEVERE: [192.168.1.5]:5702 [dev] [5.3.2] Reason of failure for node join: Joining node's version 5.3.2 is not compatible with cluster version 4.2 (Rolling Member Upgrades are only supported for the same major version) (Rolling Member Upgrades are only supported in Hazelcast Enterprise)
Nov 01, 2023 1:20:48 AM com.hazelcast.instance.impl.Node
WARNING: [192.168.1.5]:5702 [dev] [5.3.2] Terminating forcefully...
Nov 01, 2023 1:20:48 AM com.hazelcast.instance.impl.Node
INFO: [192.168.1.5]:5702 [dev] [5.3.2] Shutting down multicast service...
Nov 01, 2023 1:20:48 AM com.hazelcast.instance.impl.Node
SEVERE: [192.168.1.5]:5702 [dev] [5.3.2] Could not join cluster. Shutting down now!
Nov 01, 2023 1:20:48 AM com.hazelcast.instance.impl.Node
INFO: [192.168.1.5]:5702 [dev] [5.3.2] Shutting down connection manager...
Nov 01, 2023 1:20:48 AM com.hazelcast.core.LifecycleService
INFO: [192.168.1.5]:5702 [dev] [5.3.2] [192.168.1.5]:5702 is SHUTTING_DOWN
Nov 01, 2023 1:20:48 AM com.hazelcast.internal.server.tcp.TcpServerConnection
INFO: [192.168.1.5]:5702 [dev] [5.3.2] Connection[id=1, /192.168.1.5:49251->/192.168.1.5:5701, qualifier=null, endpoint=[192.168.1.5]:5701, remoteUuid=a68f7668-bf3c-4f9a-b6c2-d6625d1c60c8, alive=false, connectionType=MEMBER, planeIndex=0] closed. Reason: TcpServer is stopping
Nov 01, 2023 1:20:48 AM com.hazelcast.instance.impl.Node
INFO: [192.168.1.5]:5702 [dev] [5.3.2] Node is already shutting down... Waiting for shutdown process to complete...
Nov 01, 2023 1:20:48 AM com.hazelcast.instance.impl.Node
INFO: [192.168.1.5]:5702 [dev] [5.3.2] Shutting down node engine...
Nov 01, 2023 1:20:48 AM com.hazelcast.instance.impl.NodeExtension
INFO: [192.168.1.5]:5702 [dev] [5.3.2] Destroying node NodeExtension.
Nov 01, 2023 1:20:48 AM com.hazelcast.instance.impl.Node
INFO: [192.168.1.5]:5702 [dev] [5.3.2] Hazelcast Shutdown is completed in 9 ms.
Nov 01, 2023 1:20:49 AM com.hazelcast.core.LifecycleService
INFO: [192.168.1.5]:5702 [dev] [5.3.2] [192.168.1.5]:5702 is SHUTDOWN
Nov 01, 2023 1:20:49 AM com.hazelcast.instance.impl.Node
WARNING: [192.168.1.5]:5702 [dev] [5.3.2] Config seed port is 5701 and cluster size is 1. Some of the ports seem occupied!
Nov 01, 2023 1:20:49 AM com.hazelcast.internal.util.phonehome.PhoneHome
WARNING: [192.168.1.5]:5702 [dev] [5.3.2] Could not schedule phone home task! Most probably Hazelcast failed to start.
Nov 01, 2023 1:20:49 AM com.hazelcast.instance.impl.Node
INFO: [192.168.1.5]:5702 [dev] [5.3.2] Node is already shutting down... Waiting for shutdown process to complete...
Exception in thread "main" javax.servlet.ServletException: org.springframework.web.servlet.DispatcherServlet-71a8adcf==org.springframework.web.servlet.DispatcherServlet@4d3a2170{jsp=null,order=-1,inst=true,async=true,src=EMBEDDED:null,STARTED}
	at org.eclipse.jetty.servlet.ServletHolder.initServlet(ServletHolder.java:650)
	at org.eclipse.jetty.servlet.ServletHolder.initialize(ServletHolder.java:415)
	at org.eclipse.jetty.servlet.ServletHandler.lambda$initialize$0(ServletHandler.java:750)
	at java.base/java.util.stream.SortedOps$SizedRefSortingSink.end(SortedOps.java:357)
	at java.base/java.util.stream.AbstractPipeline.copyInto(AbstractPipeline.java:485)
	at java.base/java.util.stream.AbstractPipeline.wrapAndCopyInto(AbstractPipeline.java:474)
	at java.base/java.util.stream.StreamSpliterators$WrappingSpliterator.forEachRemaining(StreamSpliterators.java:312)
	at java.base/java.util.stream.Streams$ConcatSpliterator.forEachRemaining(Streams.java:735)
	at java.base/java.util.stream.ReferencePipeline$Head.forEach(ReferencePipeline.java:658)
	at org.eclipse.jetty.servlet.ServletHandler.initialize(ServletHandler.java:774)
	at org.eclipse.jetty.servlet.ServletContextHandler.startContext(ServletContextHandler.java:379)
	at org.eclipse.jetty.server.handler.ContextHandler.doStart(ContextHandler.java:916)
	at org.eclipse.jetty.servlet.ServletContextHandler.doStart(ServletContextHandler.java:288)
	at org.eclipse.jetty.util.component.AbstractLifeCycle.start(AbstractLifeCycle.java:73)
	at org.eclipse.jetty.util.component.ContainerLifeCycle.start(ContainerLifeCycle.java:169)
	at org.eclipse.jetty.server.Server.start(Server.java:423)
	at org.eclipse.jetty.util.component.ContainerLifeCycle.doStart(ContainerLifeCycle.java:110)
	at org.eclipse.jetty.server.handler.AbstractHandler.doStart(AbstractHandler.java:97)
	at org.eclipse.jetty.server.Server.doStart(Server.java:387)
	at org.eclipse.jetty.util.component.AbstractLifeCycle.start(AbstractLifeCycle.java:73)
	at net.whydah.sso.ServerRunner.start(ServerRunner.java:131)
	at net.whydah.sso.ServerRunner.main(ServerRunner.java:74)
Caused by: org.springframework.beans.factory.BeanCreationException: Error creating bean with name 'healthResource' defined in URL [jar:file:/Users/josediaz/Projects/Cantara/Whydah-SSOLoginWebApp/target/SSOLoginWebApp-2.20.12-SNAPSHOT.jar!/net/whydah/admin/health/HealthResource.class]: Instantiation of bean failed; nested exception is java.lang.ExceptionInInitializerError
	at org.springframework.beans.factory.support.AbstractAutowireCapableBeanFactory.instantiateBean(AbstractAutowireCapableBeanFactory.java:1334)
	at org.springframework.beans.factory.support.AbstractAutowireCapableBeanFactory.createBeanInstance(AbstractAutowireCapableBeanFactory.java:1232)
	at org.springframework.beans.factory.support.AbstractAutowireCapableBeanFactory.doCreateBean(AbstractAutowireCapableBeanFactory.java:582)
	at org.springframework.beans.factory.support.AbstractAutowireCapableBeanFactory.createBean(AbstractAutowireCapableBeanFactory.java:542)
	at org.springframework.beans.factory.support.AbstractBeanFactory.lambda$doGetBean$0(AbstractBeanFactory.java:335)
	at org.springframework.beans.factory.support.DefaultSingletonBeanRegistry.getSingleton(DefaultSingletonBeanRegistry.java:234)
	at org.springframework.beans.factory.support.AbstractBeanFactory.doGetBean(AbstractBeanFactory.java:333)
	at org.springframework.beans.factory.support.AbstractBeanFactory.getBean(AbstractBeanFactory.java:208)
	at org.springframework.beans.factory.support.DefaultListableBeanFactory.preInstantiateSingletons(DefaultListableBeanFactory.java:955)
	at org.springframework.context.support.AbstractApplicationContext.finishBeanFactoryInitialization(AbstractApplicationContext.java:921)
	at org.springframework.context.support.AbstractApplicationContext.refresh(AbstractApplicationContext.java:583)
	at org.springframework.web.servlet.FrameworkServlet.configureAndRefreshWebApplicationContext(FrameworkServlet.java:702)
	at org.springframework.web.servlet.FrameworkServlet.createWebApplicationContext(FrameworkServlet.java:668)
	at org.springframework.web.servlet.FrameworkServlet.createWebApplicationContext(FrameworkServlet.java:716)
	at org.springframework.web.servlet.FrameworkServlet.initWebApplicationContext(FrameworkServlet.java:591)
	at org.springframework.web.servlet.FrameworkServlet.initServletBean(FrameworkServlet.java:530)
	at org.springframework.web.servlet.HttpServletBean.init(HttpServletBean.java:170)
	at javax.servlet.GenericServlet.init(GenericServlet.java:203)
	at org.eclipse.jetty.servlet.ServletHolder.initServlet(ServletHolder.java:632)
	... 21 more
Caused by: java.lang.ExceptionInInitializerError
	at net.whydah.sso.dao.SessionDao.<clinit>(SessionDao.java:95)
	at net.whydah.admin.health.HealthResource.<clinit>(HealthResource.java:28)
	at java.base/jdk.internal.reflect.NativeConstructorAccessorImpl.newInstance0(Native Method)
	at java.base/jdk.internal.reflect.NativeConstructorAccessorImpl.newInstance(NativeConstructorAccessorImpl.java:62)
	at java.base/jdk.internal.reflect.DelegatingConstructorAccessorImpl.newInstance(DelegatingConstructorAccessorImpl.java:45)
	at java.base/java.lang.reflect.Constructor.newInstance(Constructor.java:490)
	at org.springframework.beans.BeanUtils.instantiateClass(BeanUtils.java:211)
	at org.springframework.beans.factory.support.SimpleInstantiationStrategy.instantiate(SimpleInstantiationStrategy.java:87)
	at org.springframework.beans.factory.support.AbstractAutowireCapableBeanFactory.instantiateBean(AbstractAutowireCapableBeanFactory.java:1326)
	... 39 more
Caused by: java.lang.IllegalStateException: Node failed to start!
	at com.hazelcast.instance.impl.HazelcastInstanceImpl.<init>(HazelcastInstanceImpl.java:126)
	at com.hazelcast.instance.impl.HazelcastInstanceFactory.constructHazelcastInstance(HazelcastInstanceFactory.java:217)
	at com.hazelcast.instance.impl.HazelcastInstanceFactory.newHazelcastInstance(HazelcastInstanceFactory.java:196)
	at com.hazelcast.instance.impl.HazelcastInstanceFactory.newHazelcastInstance(HazelcastInstanceFactory.java:134)
	at com.hazelcast.core.Hazelcast.newHazelcastInstance(Hazelcast.java:95)
	at net.whydah.sso.utils.HazelcastMapHelper.<clinit>(HazelcastMapHelper.java:53)
	... 48 more
com.github.kevinsawicki.http.HttpRequest$HttpRequestException: java.net.UnknownHostException: whydahdev.cantara.no
	at com.github.kevinsawicki.http.HttpRequest.code(HttpRequest.java:1562)
	at com.github.kevinsawicki.http.HttpRequest.stream(HttpRequest.java:1855)
	at com.github.kevinsawicki.http.HttpRequest.buffer(HttpRequest.java:1844)
	at com.github.kevinsawicki.http.HttpRequest.bytes(HttpRequest.java:1829)
	at net.whydah.sso.commands.baseclasses.BaseHttpGetHystrixCommand.doGetCommand(BaseHttpGetHystrixCommand.java:109)
	at net.whydah.sso.commands.baseclasses.BaseHttpGetHystrixCommand.run(BaseHttpGetHystrixCommand.java:73)
	at com.netflix.hystrix.HystrixCommand$2.call(HystrixCommand.java:302)
	at com.netflix.hystrix.HystrixCommand$2.call(HystrixCommand.java:298)
	at rx.internal.operators.OnSubscribeDefer.call(OnSubscribeDefer.java:46)
	at rx.internal.operators.OnSubscribeDefer.call(OnSubscribeDefer.java:35)
	at rx.internal.operators.OnSubscribeLift.call(OnSubscribeLift.java:48)
	at rx.internal.operators.OnSubscribeLift.call(OnSubscribeLift.java:30)
	at rx.internal.operators.OnSubscribeLift.call(OnSubscribeLift.java:48)
	at rx.internal.operators.OnSubscribeLift.call(OnSubscribeLift.java:30)
	at rx.internal.operators.OnSubscribeLift.call(OnSubscribeLift.java:48)
	at rx.internal.operators.OnSubscribeLift.call(OnSubscribeLift.java:30)
	at rx.Observable.unsafeSubscribe(Observable.java:10151)
	at rx.internal.operators.OnSubscribeDefer.call(OnSubscribeDefer.java:51)
	at rx.internal.operators.OnSubscribeDefer.call(OnSubscribeDefer.java:35)
	at rx.Observable.unsafeSubscribe(Observable.java:10151)
	at rx.internal.operators.OnSubscribeDoOnEach.call(OnSubscribeDoOnEach.java:41)
	at rx.internal.operators.OnSubscribeDoOnEach.call(OnSubscribeDoOnEach.java:30)
	at rx.internal.operators.OnSubscribeLift.call(OnSubscribeLift.java:48)
	at rx.internal.operators.OnSubscribeLift.call(OnSubscribeLift.java:30)
	at rx.Observable.unsafeSubscribe(Observable.java:10151)
	at rx.internal.operators.OperatorSubscribeOn$1.call(OperatorSubscribeOn.java:94)
	at com.netflix.hystrix.strategy.concurrency.HystrixContexSchedulerAction$1.call(HystrixContexSchedulerAction.java:56)
	at com.netflix.hystrix.strategy.concurrency.HystrixContexSchedulerAction$1.call(HystrixContexSchedulerAction.java:47)
	at com.netflix.hystrix.strategy.concurrency.HystrixContexSchedulerAction.call(HystrixContexSchedulerAction.java:69)
	at rx.internal.schedulers.ScheduledAction.run(ScheduledAction.java:55)
	at java.base/java.util.concurrent.Executors$RunnableAdapter.call(Executors.java:515)
	at java.base/java.util.concurrent.FutureTask.run(FutureTask.java:264)
	at java.base/java.util.concurrent.ThreadPoolExecutor.runWorker(ThreadPoolExecutor.java:1128)
	at java.base/java.util.concurrent.ThreadPoolExecutor$Worker.run(ThreadPoolExecutor.java:628)
	at java.base/java.lang.Thread.run(Thread.java:829)
Caused by: java.net.UnknownHostException: whydahdev.cantara.no
	at java.base/jdk.internal.reflect.NativeConstructorAccessorImpl.newInstance0(Native Method)
	at java.base/jdk.internal.reflect.NativeConstructorAccessorImpl.newInstance(NativeConstructorAccessorImpl.java:62)
	at java.base/jdk.internal.reflect.DelegatingConstructorAccessorImpl.newInstance(DelegatingConstructorAccessorImpl.java:45)
	at java.base/java.lang.reflect.Constructor.newInstance(Constructor.java:490)
	at java.base/sun.net.www.protocol.http.HttpURLConnection$10.run(HttpURLConnection.java:1974)
	at java.base/sun.net.www.protocol.http.HttpURLConnection$10.run(HttpURLConnection.java:1969)
	at java.base/java.security.AccessController.doPrivileged(Native Method)
	at java.base/sun.net.www.protocol.http.HttpURLConnection.getChainedException(HttpURLConnection.java:1968)
	at java.base/sun.net.www.protocol.http.HttpURLConnection.getInputStream0(HttpURLConnection.java:1536)
	at java.base/sun.net.www.protocol.http.HttpURLConnection.getInputStream(HttpURLConnection.java:1520)
	at java.base/java.net.HttpURLConnection.getResponseCode(HttpURLConnection.java:527)
	at java.base/sun.net.www.protocol.https.HttpsURLConnectionImpl.getResponseCode(HttpsURLConnectionImpl.java:334)
	at com.github.kevinsawicki.http.HttpRequest.code(HttpRequest.java:1560)
	... 34 more
Caused by: java.net.UnknownHostException: whydahdev.cantara.no
	at java.base/java.net.AbstractPlainSocketImpl.connect(AbstractPlainSocketImpl.java:229)
	at java.base/java.net.SocksSocketImpl.connect(SocksSocketImpl.java:392)
	at java.base/java.net.Socket.connect(Socket.java:609)
	at java.base/sun.security.ssl.SSLSocketImpl.connect(SSLSocketImpl.java:305)
	at java.base/sun.security.ssl.BaseSSLSocketImpl.connect(BaseSSLSocketImpl.java:173)
	at java.base/sun.net.NetworkClient.doConnect(NetworkClient.java:182)
	at java.base/sun.net.www.http.HttpClient.openServer(HttpClient.java:509)
	at java.base/sun.net.www.http.HttpClient.openServer(HttpClient.java:604)
	at java.base/sun.net.www.protocol.https.HttpsClient.<init>(HttpsClient.java:266)
	at java.base/sun.net.www.protocol.https.HttpsClient.New(HttpsClient.java:373)
	at java.base/sun.net.www.protocol.https.AbstractDelegateHttpsURLConnection.getNewHttpClient(AbstractDelegateHttpsURLConnection.java:207)
	at java.base/sun.net.www.protocol.http.HttpURLConnection.plainConnect0(HttpURLConnection.java:1187)
	at java.base/sun.net.www.protocol.http.HttpURLConnection.plainConnect(HttpURLConnection.java:1081)
	at java.base/sun.net.www.protocol.https.AbstractDelegateHttpsURLConnection.connect(AbstractDelegateHttpsURLConnection.java:193)
	at java.base/sun.net.www.protocol.http.HttpURLConnection.getInputStream0(HttpURLConnection.java:1592)
	at java.base/sun.net.www.protocol.http.HttpURLConnection.getInputStream(HttpURLConnection.java:1520)
	at java.base/sun.net.www.protocol.http.HttpURLConnection.getHeaderField(HttpURLConnection.java:3118)
	at java.base/java.net.URLConnection.getHeaderFieldInt(URLConnection.java:613)
	at java.base/sun.net.www.protocol.https.HttpsURLConnectionImpl.getHeaderFieldInt(HttpsURLConnectionImpl.java:422)
	at com.github.kevinsawicki.http.HttpRequest.intHeader(HttpRequest.java:2180)
	at com.github.kevinsawicki.http.HttpRequest.intHeader(HttpRequest.java:2164)
	at com.github.kevinsawicki.http.HttpRequest.contentLength(HttpRequest.java:2560)
	at com.github.kevinsawicki.http.HttpRequest.byteStream(HttpRequest.java:1744)
	at com.github.kevinsawicki.http.HttpRequest.bytes(HttpRequest.java:1827)
	... 31 more
